<?xml version="1.0" encoding="UTF-8"?>
<!-- Generated by org.testng.reporters.JUnitReportReporter -->
<testsuite skipped="0" hostname="ESS17001DXB0374" name="api.automation.rest.OauthImplementation" tests="1" failures="0" timestamp="12 Nov 2020 14:34:43 GMT" time="2.078" errors="1">
  <testcase name="accessCode" time="2.078" classname="api.automation.rest.OauthImplementation">
    <error type="org.openqa.selenium.SessionNotCreatedException" message="session not created: This version of ChromeDriver only supports Chrome version 78
Build info: version: &#039;3.141.59&#039;, revision: &#039;e82be7d358&#039;, time: &#039;2018-11-14T08:17:03&#039;
System info: host: &#039;ESS17001DXB0374&#039;, ip: &#039;192.168.50.152&#039;, os.name: &#039;Windows 10&#039;, os.arch: &#039;amd64&#039;, os.version: &#039;10.0&#039;, java.version: &#039;1.8.0_191&#039;
Driver info: driver.version: ChromeDriver
remote stacktrace: Backtrace:
	Ordinal0 [0x00B9A903+1550595]
	Ordinal0 [0x00B1A701+1025793]
	Ordinal0 [0x00A9C6E5+509669]
	Ordinal0 [0x00A2FC68+64616]
	Ordinal0 [0x00A2C594+50580]
	Ordinal0 [0x00A4ACE7+175335]
	Ordinal0 [0x00A4A8ED+174317]
	Ordinal0 [0x00A48CDB+167131]
	Ordinal0 [0x00A3144A+70730]
	Ordinal0 [0x00A324D0+74960]
	Ordinal0 [0x00A32469+74857]
	Ordinal0 [0x00B342C7+1131207]
	GetHandleVerifier [0x00C370FD+523789]
	GetHandleVerifier [0x00C36E90+523168]
	GetHandleVerifier [0x00C3E1E7+552695]
	GetHandleVerifier [0x00C378FA+525834]
	Ordinal0 [0x00B2B7FC+1095676]
	Ordinal0 [0x00B3633B+1139515]
	Ordinal0 [0x00B364A3+1139875]
	Ordinal0 [0x00B35425+1135653]
	BaseThreadInitThunk [0x7730FA29+25]
	RtlGetAppContainerNamedObjectPath [0x775C75F4+228]
	RtlGetAppContainerNamedObjectPath [0x775C75C4+180]
">
      <![CDATA[org.openqa.selenium.SessionNotCreatedException: session not created: This version of ChromeDriver only supports Chrome version 78
Build info: version: '3.141.59', revision: 'e82be7d358', time: '2018-11-14T08:17:03'
System info: host: 'ESS17001DXB0374', ip: '192.168.50.152', os.name: 'Windows 10', os.arch: 'amd64', os.version: '10.0', java.version: '1.8.0_191'
Driver info: driver.version: ChromeDriver
remote stacktrace: Backtrace:
Ordinal0 [0x00B9A903+1550595]
Ordinal0 [0x00B1A701+1025793]
Ordinal0 [0x00A9C6E5+509669]
Ordinal0 [0x00A2FC68+64616]
Ordinal0 [0x00A2C594+50580]
Ordinal0 [0x00A4ACE7+175335]
Ordinal0 [0x00A4A8ED+174317]
Ordinal0 [0x00A48CDB+167131]
Ordinal0 [0x00A3144A+70730]
Ordinal0 [0x00A324D0+74960]
Ordinal0 [0x00A32469+74857]
Ordinal0 [0x00B342C7+1131207]
GetHandleVerifier [0x00C370FD+523789]
GetHandleVerifier [0x00C36E90+523168]
GetHandleVerifier [0x00C3E1E7+552695]
GetHandleVerifier [0x00C378FA+525834]
Ordinal0 [0x00B2B7FC+1095676]
Ordinal0 [0x00B3633B+1139515]
Ordinal0 [0x00B364A3+1139875]
Ordinal0 [0x00B35425+1135653]
BaseThreadInitThunk [0x7730FA29+25]
RtlGetAppContainerNamedObjectPath [0x775C75F4+228]
RtlGetAppContainerNamedObjectPath [0x775C75C4+180]

at sun.reflect.NativeConstructorAccessorImpl.newInstance0(Native Method)
at sun.reflect.NativeConstructorAccessorImpl.newInstance(Unknown Source)
at sun.reflect.DelegatingConstructorAccessorImpl.newInstance(Unknown Source)
at java.lang.reflect.Constructor.newInstance(Unknown Source)
at org.openqa.selenium.remote.W3CHandshakeResponse.lambda$errorHandler$0(W3CHandshakeResponse.java:62)
at org.openqa.selenium.remote.HandshakeResponse.lambda$getResponseFunction$0(HandshakeResponse.java:30)
at org.openqa.selenium.remote.ProtocolHandshake.lambda$createSession$0(ProtocolHandshake.java:126)
at java.util.stream.ReferencePipeline$3$1.accept(Unknown Source)
at java.util.Spliterators$ArraySpliterator.tryAdvance(Unknown Source)
at java.util.stream.ReferencePipeline.forEachWithCancel(Unknown Source)
at java.util.stream.AbstractPipeline.copyIntoWithCancel(Unknown Source)
at java.util.stream.AbstractPipeline.copyInto(Unknown Source)
at java.util.stream.AbstractPipeline.wrapAndCopyInto(Unknown Source)
at java.util.stream.FindOps$FindOp.evaluateSequential(Unknown Source)
at java.util.stream.AbstractPipeline.evaluate(Unknown Source)
at java.util.stream.ReferencePipeline.findFirst(Unknown Source)
at org.openqa.selenium.remote.ProtocolHandshake.createSession(ProtocolHandshake.java:128)
at org.openqa.selenium.remote.ProtocolHandshake.createSession(ProtocolHandshake.java:74)
at org.openqa.selenium.remote.HttpCommandExecutor.execute(HttpCommandExecutor.java:136)
at org.openqa.selenium.remote.service.DriverCommandExecutor.execute(DriverCommandExecutor.java:83)
at org.openqa.selenium.remote.RemoteWebDriver.execute(RemoteWebDriver.java:552)
at org.openqa.selenium.remote.RemoteWebDriver.startSession(RemoteWebDriver.java:213)
at org.openqa.selenium.remote.RemoteWebDriver.<init>(RemoteWebDriver.java:131)
at org.openqa.selenium.chrome.ChromeDriver.<init>(ChromeDriver.java:181)
at org.openqa.selenium.chrome.ChromeDriver.<init>(ChromeDriver.java:168)
at org.openqa.selenium.chrome.ChromeDriver.<init>(ChromeDriver.java:157)
at api.automation.rest.Website.getCode(Website.java:22)
at api.automation.rest.OauthImplementation.accessCode(OauthImplementation.java:23)
at sun.reflect.NativeMethodAccessorImpl.invoke0(Native Method)
at sun.reflect.NativeMethodAccessorImpl.invoke(Unknown Source)
at sun.reflect.DelegatingMethodAccessorImpl.invoke(Unknown Source)
at java.lang.reflect.Method.invoke(Unknown Source)
at org.testng.internal.MethodInvocationHelper.invokeMethod(MethodInvocationHelper.java:124)
at org.testng.internal.Invoker.invokeMethod(Invoker.java:583)
at org.testng.internal.Invoker.invokeTestMethod(Invoker.java:719)
at org.testng.internal.Invoker.invokeTestMethods(Invoker.java:989)
at org.testng.internal.TestMethodWorker.invokeTestMethods(TestMethodWorker.java:125)
at org.testng.internal.TestMethodWorker.run(TestMethodWorker.java:109)
at org.testng.TestRunner.privateRun(TestRunner.java:648)
at org.testng.TestRunner.run(TestRunner.java:505)
at org.testng.SuiteRunner.runTest(SuiteRunner.java:455)
at org.testng.SuiteRunner.runSequentially(SuiteRunner.java:450)
at org.testng.SuiteRunner.privateRun(SuiteRunner.java:415)
at org.testng.SuiteRunner.run(SuiteRunner.java:364)
at org.testng.SuiteRunnerWorker.runSuite(SuiteRunnerWorker.java:52)
at org.testng.SuiteRunnerWorker.run(SuiteRunnerWorker.java:84)
at org.testng.TestNG.runSuitesSequentially(TestNG.java:1208)
at org.testng.TestNG.runSuitesLocally(TestNG.java:1137)
at org.testng.TestNG.runSuites(TestNG.java:1049)
at org.testng.TestNG.run(TestNG.java:1017)
at org.testng.remote.AbstractRemoteTestNG.run(AbstractRemoteTestNG.java:115)
at org.testng.remote.RemoteTestNG.initAndRun(RemoteTestNG.java:251)
at org.testng.remote.RemoteTestNG.main(RemoteTestNG.java:77)
]]>
    </error>
  </testcase> <!-- accessCode -->
</testsuite> <!-- api.automation.rest.OauthImplementation -->
